
Circuit 1 cell sky130_fd_pr__pfet_01v8 and Circuit 2 cell sky130_fd_pr__pfet_01v8 are black boxes.

Subcircuit pins:
Circuit 1: sky130_fd_pr__pfet_01v8                                                |Circuit 2: sky130_fd_pr__pfet_01v8                                                
----------------------------------------------------------------------------------|----------------------------------------------------------------------------------
1                                                                                 |1                                                                                 
2                                                                                 |2                                                                                 
3                                                                                 |3                                                                                 
4                                                                                 |4                                                                                 
---------------------------------------------------------------------------------------------------------------------------------------------------------------------
Cell pin lists are equivalent.
Device classes sky130_fd_pr__pfet_01v8 and sky130_fd_pr__pfet_01v8 are equivalent.

Circuit 1 cell sky130_fd_pr__nfet_01v8 and Circuit 2 cell sky130_fd_pr__nfet_01v8 are black boxes.

Subcircuit pins:
Circuit 1: sky130_fd_pr__nfet_01v8                                                |Circuit 2: sky130_fd_pr__nfet_01v8                                                
----------------------------------------------------------------------------------|----------------------------------------------------------------------------------
1                                                                                 |1                                                                                 
2                                                                                 |2                                                                                 
3                                                                                 |3                                                                                 
4                                                                                 |4                                                                                 
---------------------------------------------------------------------------------------------------------------------------------------------------------------------
Cell pin lists are equivalent.
Device classes sky130_fd_pr__nfet_01v8 and sky130_fd_pr__nfet_01v8 are equivalent.
Flattening unmatched subcell sky130_fd_pr__pfet_01v8_S6MTYS in circuit capswitch2 (1)(1 instance)
Flattening unmatched subcell sky130_fd_pr__pfet_01v8_MJXN3K in circuit capswitch2 (1)(1 instance)
Flattening unmatched subcell sky130_fd_pr__nfet_01v8_2SE674 in circuit capswitch2 (1)(1 instance)
Flattening unmatched subcell sky130_fd_pr__nfet_01v8_5XXJZ8 in circuit capswitch2 (1)(1 instance)

Class capswitch2 (1):  Merged 2 parallel devices.
Subcircuit summary:
Circuit 1: capswitch2                                                             |Circuit 2: capswitch2                                                             
----------------------------------------------------------------------------------|----------------------------------------------------------------------------------
sky130_fd_pr__pfet_01v8 (2)                                                       |sky130_fd_pr__pfet_01v8 (3->2)                                                    
sky130_fd_pr__nfet_01v8 (2)                                                       |sky130_fd_pr__nfet_01v8 (3->2)                                                    
Number of devices: 4                                                              |Number of devices: 4                                                              
Number of nets: 5                                                                 |Number of nets: 5                                                                 
---------------------------------------------------------------------------------------------------------------------------------------------------------------------
Netlists match uniquely with property errors.
sky130_fd_pr__nfet_01v8:M2 vs. sky130_fd_pr__nfet_01v8_5XXJZ8_0/sky130_fd_pr__nfet_01v8:0:
 W circuit1: 0.91   circuit2: 1.82   (delta=66.7%, cutoff=1%)
sky130_fd_pr__pfet_01v8:M1 vs. sky130_fd_pr__pfet_01v8_S6MTYS_0/sky130_fd_pr__pfet_01v8:0:
 W circuit1: 1.65   circuit2: 3.3   (delta=66.7%, cutoff=1%)

Subcircuit pins:
Circuit 1: capswitch2                                                             |Circuit 2: capswitch2                                                             
----------------------------------------------------------------------------------|----------------------------------------------------------------------------------
Vout                                                                              |Vout                                                                              
Vin                                                                               |Vin                                                                               
VDD                                                                               |VDD                                                                               
GND                                                                               |GND                                                                               
---------------------------------------------------------------------------------------------------------------------------------------------------------------------
Cell pin lists are equivalent.
Device classes capswitch2 and capswitch2 are equivalent.

Final result: Circuits match uniquely.
Property errors were found.

The following cells had property errors:
 capswitch2
