
Circuit 1 cell sky130_fd_pr__nfet_01v8 and Circuit 2 cell sky130_fd_pr__nfet_01v8 are black boxes.

Subcircuit pins:
Circuit 1: sky130_fd_pr__nfet_01v8                                                |Circuit 2: sky130_fd_pr__nfet_01v8                                                
----------------------------------------------------------------------------------|----------------------------------------------------------------------------------
1                                                                                 |1                                                                                 
2                                                                                 |2                                                                                 
3                                                                                 |3                                                                                 
4                                                                                 |4                                                                                 
---------------------------------------------------------------------------------------------------------------------------------------------------------------------
Cell pin lists are equivalent.
Device classes sky130_fd_pr__nfet_01v8 and sky130_fd_pr__nfet_01v8 are equivalent.

Circuit 1 cell sky130_fd_pr__pfet_01v8 and Circuit 2 cell sky130_fd_pr__pfet_01v8 are black boxes.

Subcircuit pins:
Circuit 1: sky130_fd_pr__pfet_01v8                                                |Circuit 2: sky130_fd_pr__pfet_01v8                                                
----------------------------------------------------------------------------------|----------------------------------------------------------------------------------
1                                                                                 |1                                                                                 
2                                                                                 |2                                                                                 
3                                                                                 |3                                                                                 
4                                                                                 |4                                                                                 
---------------------------------------------------------------------------------------------------------------------------------------------------------------------
Cell pin lists are equivalent.
Device classes sky130_fd_pr__pfet_01v8 and sky130_fd_pr__pfet_01v8 are equivalent.
Flattening unmatched subcell sky130_fd_pr__nfet_01v8_ZZU2YL in circuit capswitch4 (1)(1 instance)
Flattening unmatched subcell sky130_fd_pr__pfet_01v8_C7DZJH in circuit capswitch4 (1)(1 instance)
Flattening unmatched subcell sky130_fd_pr__pfet_01v8_MJXN3K in circuit capswitch4 (1)(1 instance)
Flattening unmatched subcell sky130_fd_pr__nfet_01v8_2SE674 in circuit capswitch4 (1)(1 instance)

Class capswitch4 (1):  Merged 6 parallel devices.
Subcircuit summary:
Circuit 1: capswitch4                                                             |Circuit 2: capswitch4                                                             
----------------------------------------------------------------------------------|----------------------------------------------------------------------------------
sky130_fd_pr__pfet_01v8 (2)                                                       |sky130_fd_pr__pfet_01v8 (5->2)                                                    
sky130_fd_pr__nfet_01v8 (2)                                                       |sky130_fd_pr__nfet_01v8 (5->2)                                                    
Number of devices: 4                                                              |Number of devices: 4                                                              
Number of nets: 5                                                                 |Number of nets: 5                                                                 
---------------------------------------------------------------------------------------------------------------------------------------------------------------------
Netlists match uniquely with property errors.
sky130_fd_pr__nfet_01v8:M2 vs. sky130_fd_pr__nfet_01v8_ZZU2YL_0/sky130_fd_pr__nfet_01v8:0:
 W circuit1: 0.91   circuit2: 3.64   (delta=120%, cutoff=1%)
sky130_fd_pr__pfet_01v8:M1 vs. sky130_fd_pr__pfet_01v8_C7DZJH_0/sky130_fd_pr__pfet_01v8:0:
 W circuit1: 1.65   circuit2: 6.6   (delta=120%, cutoff=1%)

Subcircuit pins:
Circuit 1: capswitch4                                                             |Circuit 2: capswitch4                                                             
----------------------------------------------------------------------------------|----------------------------------------------------------------------------------
Vout                                                                              |Vout                                                                              
Vin                                                                               |Vin                                                                               
GND                                                                               |GND                                                                               
VDD                                                                               |VDD                                                                               
---------------------------------------------------------------------------------------------------------------------------------------------------------------------
Cell pin lists are equivalent.
Device classes capswitch4 and capswitch4 are equivalent.

Final result: Circuits match uniquely.
Property errors were found.

The following cells had property errors:
 capswitch4
